<?xml version="1.0" encoding="UTF-8"?>
<Site BuildName="(empty)"
	BuildStamp="20240101-0854-Experimental"
	Name="asimkumar-HP-Laptop-14s-fq1xxx"
	Generator="ctest-3.22.1"
	CompilerName="/usr/bin/g++"
	CompilerVersion="11.4.0"
	OSName="Linux"
	Hostname="asimkumar-HP-Laptop-14s-fq1xxx"
	OSRelease="6.2.0-39-generic"
	OSVersion="#40~22.04.1-Ubuntu SMP PREEMPT_DYNAMIC Thu Nov 16 10:53:04 UTC 2"
	OSPlatform="x86_64"
	Is64Bits="1"
	VendorString="AuthenticAMD"
	VendorID="Advanced Micro Devices"
	FamilyID="23"
	ModelID="104"
	ProcessorCacheSize="512"
	NumberOfLogicalCPU="8"
	NumberOfPhysicalCPU="4"
	TotalVirtualMemory="31249"
	TotalPhysicalMemory="15300"
	LogicalProcessorsPerPhysical="2"
	ProcessorClockFrequency="3748.95"
	>
	<Testing>
		<StartDateTime>Jan 01 14:24 IST</StartDateTime>
		<StartTestTime>1704099266</StartTestTime>
		<TestList/>
		<EndDateTime>Jan 01 14:24 IST</EndDateTime>
		<EndTestTime>1704099266</EndTestTime>
		<ElapsedMinutes>0</ElapsedMinutes>
	</Testing>
</Site>
