<?xml version="1.0" encoding="UTF-8"?>
<Site BuildName="(empty)"
	BuildStamp="20240229-0432-Experimental"
	Name="asimkumar-HP-Laptop-14s-fq1xxx"
	Generator="ctest-3.22.1"
	CompilerName="/usr/bin/g++"
	CompilerVersion="11.4.0"
	OSName="Linux"
	Hostname="asimkumar-HP-Laptop-14s-fq1xxx"
	OSRelease="6.5.0-21-generic"
	OSVersion="#21~22.04.1-Ubuntu SMP PREEMPT_DYNAMIC Fri Feb  9 13:32:52 UTC 2"
	OSPlatform="x86_64"
	Is64Bits="1"
	VendorString="AuthenticAMD"
	VendorID="Advanced Micro Devices"
	FamilyID="23"
	ModelID="104"
	ProcessorCacheSize="512"
	NumberOfLogicalCPU="8"
	NumberOfPhysicalCPU="4"
	TotalVirtualMemory="31249"
	TotalPhysicalMemory="15300"
	LogicalProcessorsPerPhysical="2"
	ProcessorClockFrequency="3387.16"
	>
	<Testing>
		<StartDateTime>Feb 29 16:40 IST</StartDateTime>
		<StartTestTime>1709205006</StartTestTime>
		<TestList/>
		<EndDateTime>Feb 29 16:40 IST</EndDateTime>
		<EndTestTime>1709205006</EndTestTime>
		<ElapsedMinutes>0</ElapsedMinutes>
	</Testing>
</Site>
