<?xml version="1.0" encoding="UTF-8"?>
<Site BuildName="(empty)"
	BuildStamp="20240218-1052-Experimental"
	Name="asimkumar-HP-Laptop-14s-fq1xxx"
	Generator="ctest-3.22.1"
	CompilerName="/usr/bin/g++"
	CompilerVersion="11.4.0"
	OSName="Linux"
	Hostname="asimkumar-HP-Laptop-14s-fq1xxx"
	OSRelease="6.5.0-17-generic"
	OSVersion="#17~22.04.1-Ubuntu SMP PREEMPT_DYNAMIC Tue Jan 16 14:32:32 UTC 2"
	OSPlatform="x86_64"
	Is64Bits="1"
	VendorString="AuthenticAMD"
	VendorID="Advanced Micro Devices"
	FamilyID="23"
	ModelID="104"
	ProcessorCacheSize="512"
	NumberOfLogicalCPU="8"
	NumberOfPhysicalCPU="4"
	TotalVirtualMemory="31249"
	TotalPhysicalMemory="15300"
	LogicalProcessorsPerPhysical="2"
	ProcessorClockFrequency="3519.94"
	>
	<Testing>
		<StartDateTime>Feb 18 16:22 IST</StartDateTime>
		<StartTestTime>1708253546</StartTestTime>
		<TestList/>
		<EndDateTime>Feb 18 16:22 IST</EndDateTime>
		<EndTestTime>1708253546</EndTestTime>
		<ElapsedMinutes>0</ElapsedMinutes>
	</Testing>
</Site>
